8 ESLint rules behave differently from their TSLint counterparts:
  * @typescript-eslint/no-unused-expressions:
    - The TSLint optional config "allow-new" is the default ESLint behavior and will no longer be ignored.
  * @typescript-eslint/quotes:
    - Option "avoid-template" is not supported by ESLint.
  * comma-dangle:
    - ESLint does not support config property typeLiterals
  * eqeqeq:
    - Option "smart" allows for comparing two literal values, evaluating the value of typeof and null comparisons.
  * no-console:
    - Custom console methods, if they exist, will no longer be allowed.
  * no-invalid-this:
    - Functions in methods will no longer be ignored.
  * no-underscore-dangle:
    - Leading and trailing underscores (_) on identifiers will now be ignored.
  * one-var:
    - Variables declared in for loops will no longer be checked.

4 rules are not known by tslint-to-eslint-config to have ESLint equivalents:
  * tslint-to-eslint-config does not know the ESLint equivalent for TSLint's "defocus".
  * tslint-to-eslint-config does not know the ESLint equivalent for TSLint's "prefer-switch".
  * tslint-to-eslint-config does not know the ESLint equivalent for TSLint's "typedef".
  * tslint-to-eslint-config does not know the ESLint equivalent for TSLint's "whitespace".

